c:\users\nitzr\source\repos\hexcpp\hexcpp\x64\debugwindows\vc143.pdb
c:\users\nitzr\source\repos\hexcpp\hexcpp\x64\debugwindows\sqlite3.obj
c:\users\nitzr\source\repos\hexcpp\hexcpp\x64\debugwindows\evalbar.obj
c:\users\nitzr\source\repos\hexcpp\hexcpp\x64\debugwindows\bitarray.obj
c:\users\nitzr\source\repos\hexcpp\hexcpp\x64\debugwindows\hextreenode.obj
c:\users\nitzr\source\repos\hexcpp\hexcpp\x64\debugwindows\abstractai.obj
c:\users\nitzr\source\repos\hexcpp\hexcpp\x64\debugwindows\template.obj
c:\users\nitzr\source\repos\hexcpp\hexcpp\x64\debugwindows\evaltree.obj
c:\users\nitzr\source\repos\hexcpp\hexcpp\x64\debugwindows\hexmove.obj
c:\users\nitzr\source\repos\hexcpp\hexcpp\x64\debugwindows\hexcpp.obj
c:\users\nitzr\source\repos\hexcpp\hexcpp\x64\debugwindows\hextreedata.obj
c:\users\nitzr\source\repos\hexcpp\hexcpp\x64\debugwindows\hexboard.obj
c:\users\nitzr\source\repos\hexcpp\hexcpp\x64\debugwindows\database.obj
c:\users\nitzr\source\repos\hexcpp\hexcpp\x64\debugwindows\hexgame.obj
c:\users\nitzr\source\repos\hexcpp\hexcpp\x64\debugwindows\chain.obj
c:\users\nitzr\source\repos\hexcpp\hexcpp\x64\debugwindows\hexweights.obj
c:\users\nitzr\source\repos\hexcpp\hexcpp\x64\debugwindows\hexcontroller.obj
c:\users\nitzr\source\repos\hexcpp\hexcpp\x64\debugwindows\controlbar.obj
c:\users\nitzr\source\repos\hexcpp\hexcpp\x64\debugwindows\hexgrid.obj
c:\users\nitzr\source\repos\hexcpp\hexcpp\x64\debugwindows\hexboardtree.obj
c:\users\nitzr\source\repos\hexcpp\hexcpp\x64\debugwindows\abstractgame.obj
c:\users\nitzr\source\repos\hexcpp\hexcpp\x64\debugwindows\hexai.obj
c:\users\nitzr\source\repos\hexcpp\hexcpp\x64\debugwindows\main.obj
c:\users\nitzr\source\repos\hexcpp\hexcpp\x64\debugwindows\moc_hexcontroller.obj
c:\users\nitzr\source\repos\hexcpp\hexcpp\x64\debugwindows\moc_hexgrid.obj
c:\users\nitzr\source\repos\hexcpp\hexcpp\x64\debugwindows\moc_evalbar.obj
c:\users\nitzr\source\repos\hexcpp\hexcpp\x64\debugwindows\qrc_hexcpp.obj
c:\users\nitzr\source\repos\hexcpp\hexcpp\x64\debugwindows\moc_controlbar.obj
c:\users\nitzr\source\repos\hexcpp\hexcpp\x64\debugwindows\moc_hexcpp.obj
c:\users\nitzr\source\repos\hexcpp\hexcpp\x64\debugwindows\moc_evaltree.obj
c:\users\nitzr\source\repos\hexcpp\hexcpp\x64\debugwindows\hexboardhelper.obj
c:\users\nitzr\source\repos\hexcpp\hexcpp\x64\debugwindows\edge.obj
c:\users\nitzr\source\repos\hexcpp\hexcpp\x64\debugwindows\uic\ui_hexcpp.h
c:\users\nitzr\source\repos\hexcpp\hexcpp\x64\debugwindows\uic\ui_controlbar.h
c:\users\nitzr\source\repos\hexcpp\hexcpp\x64\debugwindows\uic\ui_hexgrid.h
c:\users\nitzr\source\repos\hexcpp\hexcpp\x64\debugwindows\rcc\qrc_hexcpp.cpp
c:\users\nitzr\source\repos\hexcpp\hexcpp\x64\debugwindows\moc\moc_hexcpp.cpp
c:\users\nitzr\source\repos\hexcpp\hexcpp\x64\debugwindows\moc\moc_hexgrid.cpp
c:\users\nitzr\source\repos\hexcpp\hexcpp\x64\debugwindows\moc\moc_hexcontroller.cpp
c:\users\nitzr\source\repos\hexcpp\hexcpp\x64\debugwindows\moc\moc_evaltree.cpp
c:\users\nitzr\source\repos\hexcpp\hexcpp\x64\debugwindows\moc\moc_evalbar.cpp
c:\users\nitzr\source\repos\hexcpp\hexcpp\x64\debugwindows\moc\moc_controlbar.cpp
c:\users\nitzr\source\repos\hexcpp\hexcpp\x64\debugwindows\hexcpp.exe
c:\users\nitzr\source\repos\hexcpp\hexcpp\x64\debugwindows\hexcpp.ilk
c:\users\nitzr\source\repos\hexcpp\hexcpp\x64\debugwindows\hexcpp.pdb
c:\users\nitzr\source\repos\hexcpp\hexcpp\x64\debugwindows\hexcpp.res
c:\users\nitzr\source\repos\hexcpp\hexcpp\x64\debugwindows\hexcpp.tlog\cl.command.1.tlog
c:\users\nitzr\source\repos\hexcpp\hexcpp\x64\debugwindows\hexcpp.tlog\cl.read.1.tlog
c:\users\nitzr\source\repos\hexcpp\hexcpp\x64\debugwindows\hexcpp.tlog\cl.write.1.tlog
c:\users\nitzr\source\repos\hexcpp\hexcpp\x64\debugwindows\hexcpp.tlog\hexcpp.write.1u.tlog
c:\users\nitzr\source\repos\hexcpp\hexcpp\x64\debugwindows\hexcpp.tlog\link.command.1.tlog
c:\users\nitzr\source\repos\hexcpp\hexcpp\x64\debugwindows\hexcpp.tlog\link.read.1.tlog
c:\users\nitzr\source\repos\hexcpp\hexcpp\x64\debugwindows\hexcpp.tlog\link.write.1.tlog
c:\users\nitzr\source\repos\hexcpp\hexcpp\x64\debugwindows\hexcpp.tlog\moc.read.1u.tlog
c:\users\nitzr\source\repos\hexcpp\hexcpp\x64\debugwindows\hexcpp.tlog\moc.write.1u.tlog
c:\users\nitzr\source\repos\hexcpp\hexcpp\x64\debugwindows\hexcpp.tlog\rc.command.1.tlog
c:\users\nitzr\source\repos\hexcpp\hexcpp\x64\debugwindows\hexcpp.tlog\rc.read.1.tlog
c:\users\nitzr\source\repos\hexcpp\hexcpp\x64\debugwindows\hexcpp.tlog\rc.write.1.tlog
c:\users\nitzr\source\repos\hexcpp\hexcpp\x64\debugwindows\hexcpp.tlog\rcc.read.1u.tlog
c:\users\nitzr\source\repos\hexcpp\hexcpp\x64\debugwindows\hexcpp.tlog\rcc.write.1u.tlog
c:\users\nitzr\source\repos\hexcpp\hexcpp\x64\debugwindows\hexcpp.tlog\uic.read.1u.tlog
c:\users\nitzr\source\repos\hexcpp\hexcpp\x64\debugwindows\hexcpp.tlog\uic.write.1u.tlog
