c:\users\nitzr\source\repos\hexcpp\hexcpp\x64\releasewindows\bitarray.obj
c:\users\nitzr\source\repos\hexcpp\hexcpp\x64\releasewindows\hextreedata.obj
c:\users\nitzr\source\repos\hexcpp\hexcpp\x64\releasewindows\hexmove.obj
c:\users\nitzr\source\repos\hexcpp\hexcpp\x64\releasewindows\abstractai.obj
c:\users\nitzr\source\repos\hexcpp\hexcpp\x64\releasewindows\template.obj
c:\users\nitzr\source\repos\hexcpp\hexcpp\x64\releasewindows\evaltree.obj
c:\users\nitzr\source\repos\hexcpp\hexcpp\x64\releasewindows\hexcontroller.obj
c:\users\nitzr\source\repos\hexcpp\hexcpp\x64\releasewindows\hexgrid.obj
c:\users\nitzr\source\repos\hexcpp\hexcpp\x64\releasewindows\hextreenode.obj
c:\users\nitzr\source\repos\hexcpp\hexcpp\x64\releasewindows\hexweights.obj
c:\users\nitzr\source\repos\hexcpp\hexcpp\x64\releasewindows\hexboardtree.obj
c:\users\nitzr\source\repos\hexcpp\hexcpp\x64\releasewindows\database.obj
c:\users\nitzr\source\repos\hexcpp\hexcpp\x64\releasewindows\hexai.obj
c:\users\nitzr\source\repos\hexcpp\hexcpp\x64\releasewindows\hexboard.obj
c:\users\nitzr\source\repos\hexcpp\hexcpp\x64\releasewindows\hexcpp.obj
c:\users\nitzr\source\repos\hexcpp\hexcpp\x64\releasewindows\abstractgame.obj
c:\users\nitzr\source\repos\hexcpp\hexcpp\x64\releasewindows\main.obj
c:\users\nitzr\source\repos\hexcpp\hexcpp\x64\releasewindows\controlbar.obj
c:\users\nitzr\source\repos\hexcpp\hexcpp\x64\releasewindows\hexgame.obj
c:\users\nitzr\source\repos\hexcpp\hexcpp\x64\releasewindows\evalbar.obj
c:\users\nitzr\source\repos\hexcpp\hexcpp\x64\releasewindows\chain.obj
c:\users\nitzr\source\repos\hexcpp\hexcpp\x64\releasewindows\sqlite3.obj
c:\users\nitzr\source\repos\hexcpp\hexcpp\x64\releasewindows\shell.obj
c:\users\nitzr\source\repos\hexcpp\hexcpp\x64\releasewindows\moc_controlbar.obj
c:\users\nitzr\source\repos\hexcpp\hexcpp\x64\releasewindows\moc_hexcontroller.obj
c:\users\nitzr\source\repos\hexcpp\hexcpp\x64\releasewindows\moc_evaltree.obj
c:\users\nitzr\source\repos\hexcpp\hexcpp\x64\releasewindows\moc_hexcpp.obj
c:\users\nitzr\source\repos\hexcpp\hexcpp\x64\releasewindows\moc_evalbar.obj
c:\users\nitzr\source\repos\hexcpp\hexcpp\x64\releasewindows\qrc_hexcpp.obj
c:\users\nitzr\source\repos\hexcpp\hexcpp\x64\releasewindows\moc_hexgrid.obj
c:\users\nitzr\source\repos\hexcpp\hexcpp\x64\releasewindows\uic\ui_hexcpp.h
c:\users\nitzr\source\repos\hexcpp\hexcpp\x64\releasewindows\uic\ui_controlbar.h
c:\users\nitzr\source\repos\hexcpp\hexcpp\x64\releasewindows\uic\ui_hexgrid.h
c:\users\nitzr\source\repos\hexcpp\hexcpp\x64\releasewindows\rcc\qrc_hexcpp.cpp
c:\users\nitzr\source\repos\hexcpp\hexcpp\x64\releasewindows\moc\moc_hexcpp.cpp
c:\users\nitzr\source\repos\hexcpp\hexcpp\x64\releasewindows\moc\moc_hexgrid.cpp
c:\users\nitzr\source\repos\hexcpp\hexcpp\x64\releasewindows\moc\moc_hexcontroller.cpp
c:\users\nitzr\source\repos\hexcpp\hexcpp\x64\releasewindows\moc\moc_evaltree.cpp
c:\users\nitzr\source\repos\hexcpp\hexcpp\x64\releasewindows\moc\moc_evalbar.cpp
c:\users\nitzr\source\repos\hexcpp\hexcpp\x64\releasewindows\moc\moc_controlbar.cpp
c:\users\nitzr\source\repos\hexcpp\hexcpp\x64\releasewindows\hexcpp.exe
c:\users\nitzr\source\repos\hexcpp\hexcpp\x64\releasewindows\hexcpp.res
c:\users\nitzr\source\repos\hexcpp\hexcpp\x64\releasewindows\hexcpp.pdb
c:\users\nitzr\source\repos\hexcpp\hexcpp\x64\releasewindows\vc143.pdb
c:\users\nitzr\source\repos\hexcpp\hexcpp\x64\releasewindows\hexcpp.tlog\cl.command.1.tlog
c:\users\nitzr\source\repos\hexcpp\hexcpp\x64\releasewindows\hexcpp.tlog\cl.read.1.tlog
c:\users\nitzr\source\repos\hexcpp\hexcpp\x64\releasewindows\hexcpp.tlog\cl.write.1.tlog
c:\users\nitzr\source\repos\hexcpp\hexcpp\x64\releasewindows\hexcpp.tlog\hexcpp.write.1u.tlog
c:\users\nitzr\source\repos\hexcpp\hexcpp\x64\releasewindows\hexcpp.tlog\link.command.1.tlog
c:\users\nitzr\source\repos\hexcpp\hexcpp\x64\releasewindows\hexcpp.tlog\link.read.1.tlog
c:\users\nitzr\source\repos\hexcpp\hexcpp\x64\releasewindows\hexcpp.tlog\link.write.1.tlog
c:\users\nitzr\source\repos\hexcpp\hexcpp\x64\releasewindows\hexcpp.tlog\moc.read.1u.tlog
c:\users\nitzr\source\repos\hexcpp\hexcpp\x64\releasewindows\hexcpp.tlog\moc.write.1u.tlog
c:\users\nitzr\source\repos\hexcpp\hexcpp\x64\releasewindows\hexcpp.tlog\rc.command.1.tlog
c:\users\nitzr\source\repos\hexcpp\hexcpp\x64\releasewindows\hexcpp.tlog\rc.read.1.tlog
c:\users\nitzr\source\repos\hexcpp\hexcpp\x64\releasewindows\hexcpp.tlog\rc.write.1.tlog
c:\users\nitzr\source\repos\hexcpp\hexcpp\x64\releasewindows\hexcpp.tlog\rcc.read.1u.tlog
c:\users\nitzr\source\repos\hexcpp\hexcpp\x64\releasewindows\hexcpp.tlog\rcc.write.1u.tlog
c:\users\nitzr\source\repos\hexcpp\hexcpp\x64\releasewindows\hexcpp.tlog\uic.read.1u.tlog
c:\users\nitzr\source\repos\hexcpp\hexcpp\x64\releasewindows\hexcpp.tlog\uic.write.1u.tlog
